<?xml version="1.0" encoding="UTF-8"?>
<!-- Generated by org.testng.reporters.JUnitXMLReporter -->
<testsuite hostname="EN510032" name="SecondTest" tests="1" failures="1" timestamp="17 May 2019 16:54:21 GMT" time="30.38" errors="0">
  <testcase name="testCreateTopicAndConclusion" time="29.422" classname="tests.CreateTopicAndConclusion">
    <failure type="org.openqa.selenium.NoSuchFrameException" message="No frame element found by name or id ui-tinymce-1_ifr
Build info: version: &amp;apos;3.141.59&amp;apos;, revision: &amp;apos;e82be7d358&amp;apos;, time: &amp;apos;2018-11-14T08:25:53&amp;apos;
System info: host: &amp;apos;EN510032&amp;apos;, ip: &amp;apos;10.176.142.102&amp;apos;, os.name: &amp;apos;Windows 10&amp;apos;, os.arch: &amp;apos;amd64&amp;apos;, os.version: &amp;apos;10.0&amp;apos;, java.version: &amp;apos;1.8.0_181&amp;apos;
Driver info: driver.version: unknown">
      <![CDATA[org.openqa.selenium.NoSuchFrameException: No frame element found by name or id ui-tinymce-1_ifr
Build info: version: '3.141.59', revision: 'e82be7d358', time: '2018-11-14T08:25:53'
System info: host: 'EN510032', ip: '10.176.142.102', os.name: 'Windows 10', os.arch: 'amd64', os.version: '10.0', java.version: '1.8.0_181'
Driver info: driver.version: unknown
	at org.openqa.selenium.remote.RemoteWebDriver$RemoteTargetLocator.frame(RemoteWebDriver.java:885)
	at pages.GroupsTopicsPage.createConclusion(GroupsTopicsPage.java:98)
	at tests.CreateTopicAndConclusion.testCreateTopicAndConclusion(CreateTopicAndConclusion.java:56)
	at java.util.concurrent.ThreadPoolExecutor.runWorker(ThreadPoolExecutor.java:1149)
	at java.util.concurrent.ThreadPoolExecutor$Worker.run(ThreadPoolExecutor.java:624)
	at java.lang.Thread.run(Thread.java:748)
... Removed 10 stack frames]]>
    </failure>
  </testcase> <!-- testCreateTopicAndConclusion -->
</testsuite> <!-- SecondTest -->
